00:12:34.585 [main] DEBUG org.example.Main1 - 0 This is a DEBUG level message.
00:12:34.589 [main] INFO  org.example.Main1 - 0 This is an INFO level message.
00:12:34.589 [main] WARN  org.example.Main1 - 0 This is a WARN level message.
00:12:34.589 [main] ERROR org.example.Main1 - 0 This is an ERROR level message.
00:12:34.589 [main] FATAL org.example.Main1 - 0 This is a FATAL level message.
00:12:34.589 [main] DEBUG org.example.Main1 - 1 This is a DEBUG level message.
00:12:34.590 [main] INFO  org.example.Main1 - 1 This is an INFO level message.
00:12:34.590 [main] WARN  org.example.Main1 - 1 This is a WARN level message.
00:12:34.590 [main] ERROR org.example.Main1 - 1 This is an ERROR level message.
00:12:34.590 [main] FATAL org.example.Main1 - 1 This is a FATAL level message.
00:12:34.591 [main] DEBUG org.example.Main1 - 2 This is a DEBUG level message.
00:12:34.591 [main] INFO  org.example.Main1 - 2 This is an INFO level message.
00:12:34.591 [main] WARN  org.example.Main1 - 2 This is a WARN level message.
00:12:34.591 [main] ERROR org.example.Main1 - 2 This is an ERROR level message.
00:12:34.599 [main] FATAL org.example.Main1 - 2 This is a FATAL level message.
00:12:34.600 [main] DEBUG org.example.Main1 - 3 This is a DEBUG level message.
00:12:34.600 [main] INFO  org.example.Main1 - 3 This is an INFO level message.
00:12:34.600 [main] WARN  org.example.Main1 - 3 This is a WARN level message.
00:12:34.600 [main] ERROR org.example.Main1 - 3 This is an ERROR level message.
00:12:34.600 [main] FATAL org.example.Main1 - 3 This is a FATAL level message.
00:12:34.601 [main] DEBUG org.example.Main1 - 4 This is a DEBUG level message.
00:12:34.601 [main] INFO  org.example.Main1 - 4 This is an INFO level message.
00:12:34.601 [main] WARN  org.example.Main1 - 4 This is a WARN level message.
00:12:34.601 [main] ERROR org.example.Main1 - 4 This is an ERROR level message.
00:12:34.601 [main] FATAL org.example.Main1 - 4 This is a FATAL level message.
00:12:34.601 [main] DEBUG org.example.Main1 - 5 This is a DEBUG level message.
00:12:34.601 [main] INFO  org.example.Main1 - 5 This is an INFO level message.
00:12:34.607 [main] WARN  org.example.Main1 - 5 This is a WARN level message.
00:12:34.608 [main] ERROR org.example.Main1 - 5 This is an ERROR level message.
00:12:34.608 [main] FATAL org.example.Main1 - 5 This is a FATAL level message.
00:12:34.608 [main] DEBUG org.example.Main1 - 6 This is a DEBUG level message.
00:12:34.608 [main] INFO  org.example.Main1 - 6 This is an INFO level message.
00:12:34.608 [main] WARN  org.example.Main1 - 6 This is a WARN level message.
00:12:34.609 [main] ERROR org.example.Main1 - 6 This is an ERROR level message.
00:12:34.609 [main] FATAL org.example.Main1 - 6 This is a FATAL level message.
00:12:34.609 [main] DEBUG org.example.Main1 - 7 This is a DEBUG level message.
00:12:34.609 [main] INFO  org.example.Main1 - 7 This is an INFO level message.
00:12:34.609 [main] WARN  org.example.Main1 - 7 This is a WARN level message.
00:12:34.609 [main] ERROR org.example.Main1 - 7 This is an ERROR level message.
00:12:34.609 [main] FATAL org.example.Main1 - 7 This is a FATAL level message.
00:12:34.616 [main] DEBUG org.example.Main1 - 8 This is a DEBUG level message.
00:12:34.617 [main] INFO  org.example.Main1 - 8 This is an INFO level message.
00:12:34.617 [main] WARN  org.example.Main1 - 8 This is a WARN level message.
00:12:34.617 [main] ERROR org.example.Main1 - 8 This is an ERROR level message.
00:12:34.617 [main] FATAL org.example.Main1 - 8 This is a FATAL level message.
00:12:34.620 [main] DEBUG org.example.Main1 - 9 This is a DEBUG level message.
00:12:34.620 [main] INFO  org.example.Main1 - 9 This is an INFO level message.
00:12:34.620 [main] WARN  org.example.Main1 - 9 This is a WARN level message.
00:12:34.620 [main] ERROR org.example.Main1 - 9 This is an ERROR level message.
00:12:34.621 [main] FATAL org.example.Main1 - 9 This is a FATAL level message.
00:12:34.621 [main] DEBUG org.example.Main1 - 10 This is a DEBUG level message.
00:12:34.621 [main] INFO  org.example.Main1 - 10 This is an INFO level message.
00:12:34.621 [main] WARN  org.example.Main1 - 10 This is a WARN level message.
00:12:34.628 [main] ERROR org.example.Main1 - 10 This is an ERROR level message.
00:12:34.629 [main] FATAL org.example.Main1 - 10 This is a FATAL level message.
00:12:34.629 [main] DEBUG org.example.Main1 - 11 This is a DEBUG level message.
00:12:34.629 [main] INFO  org.example.Main1 - 11 This is an INFO level message.
00:12:34.629 [main] WARN  org.example.Main1 - 11 This is a WARN level message.
00:12:34.629 [main] ERROR org.example.Main1 - 11 This is an ERROR level message.
00:12:34.629 [main] FATAL org.example.Main1 - 11 This is a FATAL level message.
00:12:34.629 [main] DEBUG org.example.Main1 - 12 This is a DEBUG level message.
00:12:34.630 [main] INFO  org.example.Main1 - 12 This is an INFO level message.
00:12:34.630 [main] WARN  org.example.Main1 - 12 This is a WARN level message.
00:12:34.630 [main] ERROR org.example.Main1 - 12 This is an ERROR level message.
00:12:34.630 [main] FATAL org.example.Main1 - 12 This is a FATAL level message.
00:12:34.630 [main] DEBUG org.example.Main1 - 13 This is a DEBUG level message.
00:12:34.636 [main] INFO  org.example.Main1 - 13 This is an INFO level message.
00:12:34.637 [main] WARN  org.example.Main1 - 13 This is a WARN level message.
00:12:34.637 [main] ERROR org.example.Main1 - 13 This is an ERROR level message.
00:12:34.637 [main] FATAL org.example.Main1 - 13 This is a FATAL level message.
00:12:34.637 [main] DEBUG org.example.Main1 - 14 This is a DEBUG level message.
00:12:34.637 [main] INFO  org.example.Main1 - 14 This is an INFO level message.
00:12:34.638 [main] WARN  org.example.Main1 - 14 This is a WARN level message.
00:12:34.638 [main] ERROR org.example.Main1 - 14 This is an ERROR level message.
00:12:34.638 [main] FATAL org.example.Main1 - 14 This is a FATAL level message.
00:12:34.638 [main] DEBUG org.example.Main1 - 15 This is a DEBUG level message.
00:12:34.638 [main] INFO  org.example.Main1 - 15 This is an INFO level message.
00:12:34.638 [main] WARN  org.example.Main1 - 15 This is a WARN level message.
00:12:34.638 [main] ERROR org.example.Main1 - 15 This is an ERROR level message.
00:12:34.645 [main] FATAL org.example.Main1 - 15 This is a FATAL level message.
00:12:34.645 [main] DEBUG org.example.Main1 - 16 This is a DEBUG level message.
00:12:34.645 [main] INFO  org.example.Main1 - 16 This is an INFO level message.
00:12:34.645 [main] WARN  org.example.Main1 - 16 This is a WARN level message.
00:12:34.645 [main] ERROR org.example.Main1 - 16 This is an ERROR level message.
00:12:34.646 [main] FATAL org.example.Main1 - 16 This is a FATAL level message.
00:12:34.646 [main] DEBUG org.example.Main1 - 17 This is a DEBUG level message.
00:12:34.646 [main] INFO  org.example.Main1 - 17 This is an INFO level message.
00:12:34.646 [main] WARN  org.example.Main1 - 17 This is a WARN level message.
00:12:34.647 [main] ERROR org.example.Main1 - 17 This is an ERROR level message.
00:12:34.647 [main] FATAL org.example.Main1 - 17 This is a FATAL level message.
00:12:34.647 [main] DEBUG org.example.Main1 - 18 This is a DEBUG level message.
00:12:34.647 [main] INFO  org.example.Main1 - 18 This is an INFO level message.
00:12:34.651 [main] WARN  org.example.Main1 - 18 This is a WARN level message.
00:12:34.652 [main] ERROR org.example.Main1 - 18 This is an ERROR level message.
00:12:34.652 [main] FATAL org.example.Main1 - 18 This is a FATAL level message.
00:12:34.652 [main] DEBUG org.example.Main1 - 19 This is a DEBUG level message.
00:12:34.652 [main] INFO  org.example.Main1 - 19 This is an INFO level message.
00:12:34.652 [main] WARN  org.example.Main1 - 19 This is a WARN level message.
00:12:34.652 [main] ERROR org.example.Main1 - 19 This is an ERROR level message.
00:12:34.652 [main] FATAL org.example.Main1 - 19 This is a FATAL level message.
00:12:34.652 [main] DEBUG org.example.Main1 - 20 This is a DEBUG level message.
00:12:34.653 [main] INFO  org.example.Main1 - 20 This is an INFO level message.
00:12:34.653 [main] WARN  org.example.Main1 - 20 This is a WARN level message.
00:12:34.653 [main] ERROR org.example.Main1 - 20 This is an ERROR level message.
00:12:34.653 [main] FATAL org.example.Main1 - 20 This is a FATAL level message.
00:12:34.658 [main] DEBUG org.example.Main1 - 21 This is a DEBUG level message.
00:12:34.658 [main] INFO  org.example.Main1 - 21 This is an INFO level message.
00:12:34.658 [main] WARN  org.example.Main1 - 21 This is a WARN level message.
00:12:34.658 [main] ERROR org.example.Main1 - 21 This is an ERROR level message.
00:12:34.658 [main] FATAL org.example.Main1 - 21 This is a FATAL level message.
00:12:34.658 [main] DEBUG org.example.Main1 - 22 This is a DEBUG level message.
00:12:34.658 [main] INFO  org.example.Main1 - 22 This is an INFO level message.
00:12:34.659 [main] WARN  org.example.Main1 - 22 This is a WARN level message.
00:12:34.659 [main] ERROR org.example.Main1 - 22 This is an ERROR level message.
00:12:34.659 [main] FATAL org.example.Main1 - 22 This is a FATAL level message.
00:12:34.659 [main] DEBUG org.example.Main1 - 23 This is a DEBUG level message.
00:12:34.659 [main] INFO  org.example.Main1 - 23 This is an INFO level message.
00:12:34.659 [main] WARN  org.example.Main1 - 23 This is a WARN level message.
00:12:34.664 [main] ERROR org.example.Main1 - 23 This is an ERROR level message.
00:12:34.664 [main] FATAL org.example.Main1 - 23 This is a FATAL level message.
00:12:34.664 [main] DEBUG org.example.Main1 - 24 This is a DEBUG level message.
00:12:34.664 [main] INFO  org.example.Main1 - 24 This is an INFO level message.
00:12:34.664 [main] WARN  org.example.Main1 - 24 This is a WARN level message.
00:12:34.664 [main] ERROR org.example.Main1 - 24 This is an ERROR level message.
00:12:34.664 [main] FATAL org.example.Main1 - 24 This is a FATAL level message.
00:12:34.665 [main] DEBUG org.example.Main1 - 25 This is a DEBUG level message.
00:12:34.665 [main] INFO  org.example.Main1 - 25 This is an INFO level message.
00:12:34.665 [main] WARN  org.example.Main1 - 25 This is a WARN level message.
00:12:34.665 [main] ERROR org.example.Main1 - 25 This is an ERROR level message.
00:12:34.665 [main] FATAL org.example.Main1 - 25 This is a FATAL level message.
00:12:34.665 [main] DEBUG org.example.Main1 - 26 This is a DEBUG level message.
00:12:34.671 [main] INFO  org.example.Main1 - 26 This is an INFO level message.
00:12:34.671 [main] WARN  org.example.Main1 - 26 This is a WARN level message.
00:12:34.671 [main] ERROR org.example.Main1 - 26 This is an ERROR level message.
00:12:34.671 [main] FATAL org.example.Main1 - 26 This is a FATAL level message.
00:12:34.672 [main] DEBUG org.example.Main1 - 27 This is a DEBUG level message.
00:12:34.672 [main] INFO  org.example.Main1 - 27 This is an INFO level message.
00:12:34.672 [main] WARN  org.example.Main1 - 27 This is a WARN level message.
00:12:34.672 [main] ERROR org.example.Main1 - 27 This is an ERROR level message.
00:12:34.672 [main] FATAL org.example.Main1 - 27 This is a FATAL level message.
00:12:34.672 [main] DEBUG org.example.Main1 - 28 This is a DEBUG level message.
00:12:34.673 [main] INFO  org.example.Main1 - 28 This is an INFO level message.
00:12:34.673 [main] WARN  org.example.Main1 - 28 This is a WARN level message.
00:12:34.673 [main] ERROR org.example.Main1 - 28 This is an ERROR level message.
00:12:34.677 [main] FATAL org.example.Main1 - 28 This is a FATAL level message.
00:12:34.677 [main] DEBUG org.example.Main1 - 29 This is a DEBUG level message.
00:12:34.678 [main] INFO  org.example.Main1 - 29 This is an INFO level message.
00:12:34.678 [main] WARN  org.example.Main1 - 29 This is a WARN level message.
00:12:34.678 [main] ERROR org.example.Main1 - 29 This is an ERROR level message.
00:12:34.678 [main] FATAL org.example.Main1 - 29 This is a FATAL level message.
00:12:34.678 [main] DEBUG org.example.Main1 - 30 This is a DEBUG level message.
00:12:34.678 [main] INFO  org.example.Main1 - 30 This is an INFO level message.
00:12:34.678 [main] WARN  org.example.Main1 - 30 This is a WARN level message.
00:12:34.679 [main] ERROR org.example.Main1 - 30 This is an ERROR level message.
00:12:34.679 [main] FATAL org.example.Main1 - 30 This is a FATAL level message.
00:12:34.679 [main] DEBUG org.example.Main1 - 31 This is a DEBUG level message.
00:12:34.679 [main] INFO  org.example.Main1 - 31 This is an INFO level message.
00:12:34.683 [main] WARN  org.example.Main1 - 31 This is a WARN level message.
00:12:34.683 [main] ERROR org.example.Main1 - 31 This is an ERROR level message.
00:12:34.683 [main] FATAL org.example.Main1 - 31 This is a FATAL level message.
00:12:34.683 [main] DEBUG org.example.Main1 - 32 This is a DEBUG level message.
00:12:34.683 [main] INFO  org.example.Main1 - 32 This is an INFO level message.
00:12:34.684 [main] WARN  org.example.Main1 - 32 This is a WARN level message.
00:12:34.684 [main] ERROR org.example.Main1 - 32 This is an ERROR level message.
00:12:34.684 [main] FATAL org.example.Main1 - 32 This is a FATAL level message.
00:12:34.684 [main] DEBUG org.example.Main1 - 33 This is a DEBUG level message.
00:12:34.684 [main] INFO  org.example.Main1 - 33 This is an INFO level message.
00:12:34.684 [main] WARN  org.example.Main1 - 33 This is a WARN level message.
00:12:34.684 [main] ERROR org.example.Main1 - 33 This is an ERROR level message.
00:12:34.684 [main] FATAL org.example.Main1 - 33 This is a FATAL level message.
00:12:34.690 [main] DEBUG org.example.Main1 - 34 This is a DEBUG level message.
00:12:34.690 [main] INFO  org.example.Main1 - 34 This is an INFO level message.
00:12:34.690 [main] WARN  org.example.Main1 - 34 This is a WARN level message.
00:12:34.690 [main] ERROR org.example.Main1 - 34 This is an ERROR level message.
00:12:34.690 [main] FATAL org.example.Main1 - 34 This is a FATAL level message.
00:12:34.690 [main] DEBUG org.example.Main1 - 35 This is a DEBUG level message.
00:12:34.690 [main] INFO  org.example.Main1 - 35 This is an INFO level message.
00:12:34.691 [main] WARN  org.example.Main1 - 35 This is a WARN level message.
00:12:34.691 [main] ERROR org.example.Main1 - 35 This is an ERROR level message.
00:12:34.691 [main] FATAL org.example.Main1 - 35 This is a FATAL level message.
00:12:34.691 [main] DEBUG org.example.Main1 - 36 This is a DEBUG level message.
00:12:34.691 [main] INFO  org.example.Main1 - 36 This is an INFO level message.
00:12:34.691 [main] WARN  org.example.Main1 - 36 This is a WARN level message.
00:12:34.696 [main] ERROR org.example.Main1 - 36 This is an ERROR level message.
00:12:34.696 [main] FATAL org.example.Main1 - 36 This is a FATAL level message.
00:12:34.696 [main] DEBUG org.example.Main1 - 37 This is a DEBUG level message.
00:12:34.696 [main] INFO  org.example.Main1 - 37 This is an INFO level message.
00:12:34.696 [main] WARN  org.example.Main1 - 37 This is a WARN level message.
00:12:34.696 [main] ERROR org.example.Main1 - 37 This is an ERROR level message.
00:12:34.696 [main] FATAL org.example.Main1 - 37 This is a FATAL level message.
00:12:34.696 [main] DEBUG org.example.Main1 - 38 This is a DEBUG level message.
00:12:34.697 [main] INFO  org.example.Main1 - 38 This is an INFO level message.
00:12:34.697 [main] WARN  org.example.Main1 - 38 This is a WARN level message.
00:12:34.697 [main] ERROR org.example.Main1 - 38 This is an ERROR level message.
00:12:34.697 [main] FATAL org.example.Main1 - 38 This is a FATAL level message.
00:12:34.697 [main] DEBUG org.example.Main1 - 39 This is a DEBUG level message.
00:12:34.702 [main] INFO  org.example.Main1 - 39 This is an INFO level message.
00:12:34.703 [main] WARN  org.example.Main1 - 39 This is a WARN level message.
00:12:34.703 [main] ERROR org.example.Main1 - 39 This is an ERROR level message.
00:12:34.703 [main] FATAL org.example.Main1 - 39 This is a FATAL level message.
00:12:34.703 [main] DEBUG org.example.Main1 - 40 This is a DEBUG level message.
00:12:34.703 [main] INFO  org.example.Main1 - 40 This is an INFO level message.
00:12:34.703 [main] WARN  org.example.Main1 - 40 This is a WARN level message.
00:12:34.703 [main] ERROR org.example.Main1 - 40 This is an ERROR level message.
00:12:34.703 [main] FATAL org.example.Main1 - 40 This is a FATAL level message.
00:12:34.703 [main] DEBUG org.example.Main1 - 41 This is a DEBUG level message.
00:12:34.703 [main] INFO  org.example.Main1 - 41 This is an INFO level message.
00:12:34.704 [main] WARN  org.example.Main1 - 41 This is a WARN level message.
00:12:34.704 [main] ERROR org.example.Main1 - 41 This is an ERROR level message.
00:12:34.708 [main] FATAL org.example.Main1 - 41 This is a FATAL level message.
00:12:34.708 [main] DEBUG org.example.Main1 - 42 This is a DEBUG level message.
00:12:34.708 [main] INFO  org.example.Main1 - 42 This is an INFO level message.
00:12:34.708 [main] WARN  org.example.Main1 - 42 This is a WARN level message.
00:12:34.709 [main] ERROR org.example.Main1 - 42 This is an ERROR level message.
00:12:34.709 [main] FATAL org.example.Main1 - 42 This is a FATAL level message.
00:12:34.709 [main] DEBUG org.example.Main1 - 43 This is a DEBUG level message.
00:12:34.709 [main] INFO  org.example.Main1 - 43 This is an INFO level message.
00:12:34.709 [main] WARN  org.example.Main1 - 43 This is a WARN level message.
00:12:34.709 [main] ERROR org.example.Main1 - 43 This is an ERROR level message.
00:12:34.710 [main] FATAL org.example.Main1 - 43 This is a FATAL level message.
00:12:34.710 [main] DEBUG org.example.Main1 - 44 This is a DEBUG level message.
00:12:34.710 [main] INFO  org.example.Main1 - 44 This is an INFO level message.
00:12:34.715 [main] WARN  org.example.Main1 - 44 This is a WARN level message.
00:12:34.715 [main] ERROR org.example.Main1 - 44 This is an ERROR level message.
00:12:34.715 [main] FATAL org.example.Main1 - 44 This is a FATAL level message.
00:12:34.715 [main] DEBUG org.example.Main1 - 45 This is a DEBUG level message.
00:12:34.715 [main] INFO  org.example.Main1 - 45 This is an INFO level message.
00:12:34.716 [main] WARN  org.example.Main1 - 45 This is a WARN level message.
00:12:34.716 [main] ERROR org.example.Main1 - 45 This is an ERROR level message.
00:12:34.716 [main] FATAL org.example.Main1 - 45 This is a FATAL level message.
00:12:34.716 [main] DEBUG org.example.Main1 - 46 This is a DEBUG level message.
00:12:34.716 [main] INFO  org.example.Main1 - 46 This is an INFO level message.
00:12:34.716 [main] WARN  org.example.Main1 - 46 This is a WARN level message.
00:12:34.716 [main] ERROR org.example.Main1 - 46 This is an ERROR level message.
00:12:34.716 [main] FATAL org.example.Main1 - 46 This is a FATAL level message.
00:12:34.722 [main] DEBUG org.example.Main1 - 47 This is a DEBUG level message.
00:12:34.722 [main] INFO  org.example.Main1 - 47 This is an INFO level message.
00:12:34.722 [main] WARN  org.example.Main1 - 47 This is a WARN level message.
00:12:34.722 [main] ERROR org.example.Main1 - 47 This is an ERROR level message.
00:12:34.722 [main] FATAL org.example.Main1 - 47 This is a FATAL level message.
00:12:34.722 [main] DEBUG org.example.Main1 - 48 This is a DEBUG level message.
00:12:34.722 [main] INFO  org.example.Main1 - 48 This is an INFO level message.
00:12:34.722 [main] WARN  org.example.Main1 - 48 This is a WARN level message.
00:12:34.722 [main] ERROR org.example.Main1 - 48 This is an ERROR level message.
00:12:34.723 [main] FATAL org.example.Main1 - 48 This is a FATAL level message.
00:12:34.723 [main] DEBUG org.example.Main1 - 49 This is a DEBUG level message.
00:12:34.723 [main] INFO  org.example.Main1 - 49 This is an INFO level message.
00:12:34.723 [main] WARN  org.example.Main1 - 49 This is a WARN level message.
00:12:34.728 [main] ERROR org.example.Main1 - 49 This is an ERROR level message.
00:12:34.728 [main] FATAL org.example.Main1 - 49 This is a FATAL level message.
00:12:34.728 [main] DEBUG org.example.Main1 - 50 This is a DEBUG level message.
00:12:34.728 [main] INFO  org.example.Main1 - 50 This is an INFO level message.
00:12:34.729 [main] WARN  org.example.Main1 - 50 This is a WARN level message.
00:12:34.729 [main] ERROR org.example.Main1 - 50 This is an ERROR level message.
00:12:34.729 [main] FATAL org.example.Main1 - 50 This is a FATAL level message.
00:12:34.729 [main] DEBUG org.example.Main1 - 51 This is a DEBUG level message.
00:12:34.729 [main] INFO  org.example.Main1 - 51 This is an INFO level message.
00:12:34.729 [main] WARN  org.example.Main1 - 51 This is a WARN level message.
00:12:34.729 [main] ERROR org.example.Main1 - 51 This is an ERROR level message.
00:12:34.729 [main] FATAL org.example.Main1 - 51 This is a FATAL level message.
00:12:34.729 [main] DEBUG org.example.Main1 - 52 This is a DEBUG level message.
00:12:34.734 [main] INFO  org.example.Main1 - 52 This is an INFO level message.
00:12:34.735 [main] WARN  org.example.Main1 - 52 This is a WARN level message.
00:12:34.735 [main] ERROR org.example.Main1 - 52 This is an ERROR level message.
00:12:34.735 [main] FATAL org.example.Main1 - 52 This is a FATAL level message.
00:12:34.735 [main] DEBUG org.example.Main1 - 53 This is a DEBUG level message.
00:12:34.735 [main] INFO  org.example.Main1 - 53 This is an INFO level message.
00:12:34.735 [main] WARN  org.example.Main1 - 53 This is a WARN level message.
00:12:34.735 [main] ERROR org.example.Main1 - 53 This is an ERROR level message.
00:12:34.735 [main] FATAL org.example.Main1 - 53 This is a FATAL level message.
00:12:34.735 [main] DEBUG org.example.Main1 - 54 This is a DEBUG level message.
00:12:34.735 [main] INFO  org.example.Main1 - 54 This is an INFO level message.
00:12:34.735 [main] WARN  org.example.Main1 - 54 This is a WARN level message.
00:12:34.735 [main] ERROR org.example.Main1 - 54 This is an ERROR level message.
00:12:34.741 [main] FATAL org.example.Main1 - 54 This is a FATAL level message.
00:12:34.741 [main] DEBUG org.example.Main1 - 55 This is a DEBUG level message.
00:12:34.741 [main] INFO  org.example.Main1 - 55 This is an INFO level message.
00:12:34.741 [main] WARN  org.example.Main1 - 55 This is a WARN level message.
00:12:34.741 [main] ERROR org.example.Main1 - 55 This is an ERROR level message.
00:12:34.741 [main] FATAL org.example.Main1 - 55 This is a FATAL level message.
00:12:34.741 [main] DEBUG org.example.Main1 - 56 This is a DEBUG level message.
00:12:34.741 [main] INFO  org.example.Main1 - 56 This is an INFO level message.
00:12:34.741 [main] WARN  org.example.Main1 - 56 This is a WARN level message.
00:12:34.741 [main] ERROR org.example.Main1 - 56 This is an ERROR level message.
00:12:34.742 [main] FATAL org.example.Main1 - 56 This is a FATAL level message.
00:12:34.742 [main] DEBUG org.example.Main1 - 57 This is a DEBUG level message.
00:12:34.742 [main] INFO  org.example.Main1 - 57 This is an INFO level message.
00:12:34.746 [main] WARN  org.example.Main1 - 57 This is a WARN level message.
00:12:34.746 [main] ERROR org.example.Main1 - 57 This is an ERROR level message.
00:12:34.746 [main] FATAL org.example.Main1 - 57 This is a FATAL level message.
00:12:34.746 [main] DEBUG org.example.Main1 - 58 This is a DEBUG level message.
00:12:34.746 [main] INFO  org.example.Main1 - 58 This is an INFO level message.
00:12:34.746 [main] WARN  org.example.Main1 - 58 This is a WARN level message.
00:12:34.746 [main] ERROR org.example.Main1 - 58 This is an ERROR level message.
00:12:34.747 [main] FATAL org.example.Main1 - 58 This is a FATAL level message.
00:12:34.747 [main] DEBUG org.example.Main1 - 59 This is a DEBUG level message.
00:12:34.747 [main] INFO  org.example.Main1 - 59 This is an INFO level message.
00:12:34.747 [main] WARN  org.example.Main1 - 59 This is a WARN level message.
00:12:34.747 [main] ERROR org.example.Main1 - 59 This is an ERROR level message.
00:12:34.747 [main] FATAL org.example.Main1 - 59 This is a FATAL level message.
00:12:34.751 [main] DEBUG org.example.Main1 - 60 This is a DEBUG level message.
00:12:34.751 [main] INFO  org.example.Main1 - 60 This is an INFO level message.
00:12:34.751 [main] WARN  org.example.Main1 - 60 This is a WARN level message.
00:12:34.751 [main] ERROR org.example.Main1 - 60 This is an ERROR level message.
00:12:34.751 [main] FATAL org.example.Main1 - 60 This is a FATAL level message.
00:12:34.752 [main] DEBUG org.example.Main1 - 61 This is a DEBUG level message.
00:12:34.752 [main] INFO  org.example.Main1 - 61 This is an INFO level message.
00:12:34.752 [main] WARN  org.example.Main1 - 61 This is a WARN level message.
00:12:34.752 [main] ERROR org.example.Main1 - 61 This is an ERROR level message.
00:12:34.752 [main] FATAL org.example.Main1 - 61 This is a FATAL level message.
00:12:34.752 [main] DEBUG org.example.Main1 - 62 This is a DEBUG level message.
00:12:34.752 [main] INFO  org.example.Main1 - 62 This is an INFO level message.
00:12:34.752 [main] WARN  org.example.Main1 - 62 This is a WARN level message.
00:12:34.757 [main] ERROR org.example.Main1 - 62 This is an ERROR level message.
00:12:34.757 [main] FATAL org.example.Main1 - 62 This is a FATAL level message.
00:12:34.757 [main] DEBUG org.example.Main1 - 63 This is a DEBUG level message.
00:12:34.757 [main] INFO  org.example.Main1 - 63 This is an INFO level message.
00:12:34.757 [main] WARN  org.example.Main1 - 63 This is a WARN level message.
00:12:34.757 [main] ERROR org.example.Main1 - 63 This is an ERROR level message.
00:12:34.757 [main] FATAL org.example.Main1 - 63 This is a FATAL level message.
00:12:34.757 [main] DEBUG org.example.Main1 - 64 This is a DEBUG level message.
00:12:34.757 [main] INFO  org.example.Main1 - 64 This is an INFO level message.
00:12:34.757 [main] WARN  org.example.Main1 - 64 This is a WARN level message.
00:12:34.757 [main] ERROR org.example.Main1 - 64 This is an ERROR level message.
00:12:34.757 [main] FATAL org.example.Main1 - 64 This is a FATAL level message.
00:12:34.757 [main] DEBUG org.example.Main1 - 65 This is a DEBUG level message.
00:12:34.763 [main] INFO  org.example.Main1 - 65 This is an INFO level message.
00:12:34.763 [main] WARN  org.example.Main1 - 65 This is a WARN level message.
00:12:34.763 [main] ERROR org.example.Main1 - 65 This is an ERROR level message.
00:12:34.763 [main] FATAL org.example.Main1 - 65 This is a FATAL level message.
00:12:34.763 [main] DEBUG org.example.Main1 - 66 This is a DEBUG level message.
00:12:34.764 [main] INFO  org.example.Main1 - 66 This is an INFO level message.
00:12:34.764 [main] WARN  org.example.Main1 - 66 This is a WARN level message.
00:12:34.764 [main] ERROR org.example.Main1 - 66 This is an ERROR level message.
00:12:34.764 [main] FATAL org.example.Main1 - 66 This is a FATAL level message.
00:12:34.764 [main] DEBUG org.example.Main1 - 67 This is a DEBUG level message.
00:12:34.764 [main] INFO  org.example.Main1 - 67 This is an INFO level message.
00:12:34.764 [main] WARN  org.example.Main1 - 67 This is a WARN level message.
00:12:34.764 [main] ERROR org.example.Main1 - 67 This is an ERROR level message.
00:12:34.769 [main] FATAL org.example.Main1 - 67 This is a FATAL level message.
00:12:34.769 [main] DEBUG org.example.Main1 - 68 This is a DEBUG level message.
00:12:34.769 [main] INFO  org.example.Main1 - 68 This is an INFO level message.
00:12:34.769 [main] WARN  org.example.Main1 - 68 This is a WARN level message.
00:12:34.769 [main] ERROR org.example.Main1 - 68 This is an ERROR level message.
00:12:34.769 [main] FATAL org.example.Main1 - 68 This is a FATAL level message.
00:12:34.769 [main] DEBUG org.example.Main1 - 69 This is a DEBUG level message.
00:12:34.769 [main] INFO  org.example.Main1 - 69 This is an INFO level message.
00:12:34.770 [main] WARN  org.example.Main1 - 69 This is a WARN level message.
00:12:34.770 [main] ERROR org.example.Main1 - 69 This is an ERROR level message.
00:12:34.770 [main] FATAL org.example.Main1 - 69 This is a FATAL level message.
00:12:34.770 [main] DEBUG org.example.Main1 - 70 This is a DEBUG level message.
00:12:34.770 [main] INFO  org.example.Main1 - 70 This is an INFO level message.
00:12:34.776 [main] WARN  org.example.Main1 - 70 This is a WARN level message.
00:12:34.776 [main] ERROR org.example.Main1 - 70 This is an ERROR level message.
00:12:34.776 [main] FATAL org.example.Main1 - 70 This is a FATAL level message.
00:12:34.776 [main] DEBUG org.example.Main1 - 71 This is a DEBUG level message.
00:12:34.776 [main] INFO  org.example.Main1 - 71 This is an INFO level message.
00:12:34.776 [main] WARN  org.example.Main1 - 71 This is a WARN level message.
00:12:34.776 [main] ERROR org.example.Main1 - 71 This is an ERROR level message.
00:12:34.776 [main] FATAL org.example.Main1 - 71 This is a FATAL level message.
00:12:34.776 [main] DEBUG org.example.Main1 - 72 This is a DEBUG level message.
00:12:34.777 [main] INFO  org.example.Main1 - 72 This is an INFO level message.
00:12:34.777 [main] WARN  org.example.Main1 - 72 This is a WARN level message.
00:12:34.777 [main] ERROR org.example.Main1 - 72 This is an ERROR level message.
00:12:34.777 [main] FATAL org.example.Main1 - 72 This is a FATAL level message.
00:12:34.784 [main] DEBUG org.example.Main1 - 73 This is a DEBUG level message.
00:12:34.784 [main] INFO  org.example.Main1 - 73 This is an INFO level message.
00:12:34.784 [main] WARN  org.example.Main1 - 73 This is a WARN level message.
00:12:34.784 [main] ERROR org.example.Main1 - 73 This is an ERROR level message.
00:12:34.784 [main] FATAL org.example.Main1 - 73 This is a FATAL level message.
00:12:34.784 [main] DEBUG org.example.Main1 - 74 This is a DEBUG level message.
00:12:34.784 [main] INFO  org.example.Main1 - 74 This is an INFO level message.
00:12:34.784 [main] WARN  org.example.Main1 - 74 This is a WARN level message.
00:12:34.784 [main] ERROR org.example.Main1 - 74 This is an ERROR level message.
00:12:34.784 [main] FATAL org.example.Main1 - 74 This is a FATAL level message.
00:12:34.784 [main] DEBUG org.example.Main1 - 75 This is a DEBUG level message.
00:12:34.784 [main] INFO  org.example.Main1 - 75 This is an INFO level message.
00:12:34.784 [main] WARN  org.example.Main1 - 75 This is a WARN level message.
00:12:34.790 [main] ERROR org.example.Main1 - 75 This is an ERROR level message.
00:12:34.790 [main] FATAL org.example.Main1 - 75 This is a FATAL level message.
00:12:34.790 [main] DEBUG org.example.Main1 - 76 This is a DEBUG level message.
00:12:34.790 [main] INFO  org.example.Main1 - 76 This is an INFO level message.
00:12:34.790 [main] WARN  org.example.Main1 - 76 This is a WARN level message.
00:12:34.790 [main] ERROR org.example.Main1 - 76 This is an ERROR level message.
00:12:34.791 [main] FATAL org.example.Main1 - 76 This is a FATAL level message.
00:12:34.791 [main] DEBUG org.example.Main1 - 77 This is a DEBUG level message.
00:12:34.791 [main] INFO  org.example.Main1 - 77 This is an INFO level message.
00:12:34.792 [main] WARN  org.example.Main1 - 77 This is a WARN level message.
00:12:34.792 [main] ERROR org.example.Main1 - 77 This is an ERROR level message.
00:12:34.793 [main] FATAL org.example.Main1 - 77 This is a FATAL level message.
00:12:34.793 [main] DEBUG org.example.Main1 - 78 This is a DEBUG level message.
00:12:34.799 [main] INFO  org.example.Main1 - 78 This is an INFO level message.
00:12:34.799 [main] WARN  org.example.Main1 - 78 This is a WARN level message.
00:12:34.799 [main] ERROR org.example.Main1 - 78 This is an ERROR level message.
00:12:34.799 [main] FATAL org.example.Main1 - 78 This is a FATAL level message.
00:12:34.800 [main] DEBUG org.example.Main1 - 79 This is a DEBUG level message.
00:12:34.800 [main] INFO  org.example.Main1 - 79 This is an INFO level message.
00:12:34.800 [main] WARN  org.example.Main1 - 79 This is a WARN level message.
00:12:34.800 [main] ERROR org.example.Main1 - 79 This is an ERROR level message.
00:12:34.800 [main] FATAL org.example.Main1 - 79 This is a FATAL level message.
00:12:34.800 [main] DEBUG org.example.Main1 - 80 This is a DEBUG level message.
00:12:34.800 [main] INFO  org.example.Main1 - 80 This is an INFO level message.
00:12:34.800 [main] WARN  org.example.Main1 - 80 This is a WARN level message.
00:12:34.801 [main] ERROR org.example.Main1 - 80 This is an ERROR level message.
00:12:34.807 [main] FATAL org.example.Main1 - 80 This is a FATAL level message.
00:12:34.807 [main] DEBUG org.example.Main1 - 81 This is a DEBUG level message.
00:12:34.807 [main] INFO  org.example.Main1 - 81 This is an INFO level message.
00:12:34.807 [main] WARN  org.example.Main1 - 81 This is a WARN level message.
00:12:34.807 [main] ERROR org.example.Main1 - 81 This is an ERROR level message.
00:12:34.807 [main] FATAL org.example.Main1 - 81 This is a FATAL level message.
00:12:34.807 [main] DEBUG org.example.Main1 - 82 This is a DEBUG level message.
00:12:34.807 [main] INFO  org.example.Main1 - 82 This is an INFO level message.
00:12:34.808 [main] WARN  org.example.Main1 - 82 This is a WARN level message.
00:12:34.809 [main] ERROR org.example.Main1 - 82 This is an ERROR level message.
00:12:34.809 [main] FATAL org.example.Main1 - 82 This is a FATAL level message.
00:12:34.809 [main] DEBUG org.example.Main1 - 83 This is a DEBUG level message.
00:12:34.809 [main] INFO  org.example.Main1 - 83 This is an INFO level message.
00:12:34.813 [main] WARN  org.example.Main1 - 83 This is a WARN level message.
00:12:34.813 [main] ERROR org.example.Main1 - 83 This is an ERROR level message.
00:12:34.815 [main] FATAL org.example.Main1 - 83 This is a FATAL level message.
00:12:34.815 [main] DEBUG org.example.Main1 - 84 This is a DEBUG level message.
00:12:34.815 [main] INFO  org.example.Main1 - 84 This is an INFO level message.
00:12:34.815 [main] WARN  org.example.Main1 - 84 This is a WARN level message.
00:12:34.815 [main] ERROR org.example.Main1 - 84 This is an ERROR level message.
00:12:34.815 [main] FATAL org.example.Main1 - 84 This is a FATAL level message.
00:12:34.816 [main] DEBUG org.example.Main1 - 85 This is a DEBUG level message.
00:12:34.816 [main] INFO  org.example.Main1 - 85 This is an INFO level message.
00:12:34.816 [main] WARN  org.example.Main1 - 85 This is a WARN level message.
00:12:34.816 [main] ERROR org.example.Main1 - 85 This is an ERROR level message.
00:12:34.816 [main] FATAL org.example.Main1 - 85 This is a FATAL level message.
00:12:34.821 [main] DEBUG org.example.Main1 - 86 This is a DEBUG level message.
00:12:34.821 [main] INFO  org.example.Main1 - 86 This is an INFO level message.
00:12:34.821 [main] WARN  org.example.Main1 - 86 This is a WARN level message.
00:12:34.822 [main] ERROR org.example.Main1 - 86 This is an ERROR level message.
00:12:34.822 [main] FATAL org.example.Main1 - 86 This is a FATAL level message.
00:12:34.822 [main] DEBUG org.example.Main1 - 87 This is a DEBUG level message.
00:12:34.822 [main] INFO  org.example.Main1 - 87 This is an INFO level message.
00:12:34.822 [main] WARN  org.example.Main1 - 87 This is a WARN level message.
00:12:34.822 [main] ERROR org.example.Main1 - 87 This is an ERROR level message.
00:12:34.822 [main] FATAL org.example.Main1 - 87 This is a FATAL level message.
00:12:34.822 [main] DEBUG org.example.Main1 - 88 This is a DEBUG level message.
00:12:34.822 [main] INFO  org.example.Main1 - 88 This is an INFO level message.
00:12:34.822 [main] WARN  org.example.Main1 - 88 This is a WARN level message.
00:12:34.828 [main] ERROR org.example.Main1 - 88 This is an ERROR level message.
00:12:34.828 [main] FATAL org.example.Main1 - 88 This is a FATAL level message.
00:12:34.828 [main] DEBUG org.example.Main1 - 89 This is a DEBUG level message.
00:12:34.828 [main] INFO  org.example.Main1 - 89 This is an INFO level message.
00:12:34.828 [main] WARN  org.example.Main1 - 89 This is a WARN level message.
00:12:34.828 [main] ERROR org.example.Main1 - 89 This is an ERROR level message.
00:12:34.828 [main] FATAL org.example.Main1 - 89 This is a FATAL level message.
00:12:34.828 [main] DEBUG org.example.Main1 - 90 This is a DEBUG level message.
00:12:34.828 [main] INFO  org.example.Main1 - 90 This is an INFO level message.
00:12:34.828 [main] WARN  org.example.Main1 - 90 This is a WARN level message.
00:12:34.828 [main] ERROR org.example.Main1 - 90 This is an ERROR level message.
00:12:34.829 [main] FATAL org.example.Main1 - 90 This is a FATAL level message.
00:12:34.829 [main] DEBUG org.example.Main1 - 91 This is a DEBUG level message.
00:12:34.836 [main] INFO  org.example.Main1 - 91 This is an INFO level message.
00:12:34.836 [main] WARN  org.example.Main1 - 91 This is a WARN level message.
00:12:34.836 [main] ERROR org.example.Main1 - 91 This is an ERROR level message.
00:12:34.836 [main] FATAL org.example.Main1 - 91 This is a FATAL level message.
00:12:34.836 [main] DEBUG org.example.Main1 - 92 This is a DEBUG level message.
00:12:34.836 [main] INFO  org.example.Main1 - 92 This is an INFO level message.
00:12:34.836 [main] WARN  org.example.Main1 - 92 This is a WARN level message.
00:12:34.836 [main] ERROR org.example.Main1 - 92 This is an ERROR level message.
00:12:34.836 [main] FATAL org.example.Main1 - 92 This is a FATAL level message.
00:12:34.836 [main] DEBUG org.example.Main1 - 93 This is a DEBUG level message.
00:12:34.836 [main] INFO  org.example.Main1 - 93 This is an INFO level message.
00:12:34.836 [main] WARN  org.example.Main1 - 93 This is a WARN level message.
00:12:34.836 [main] ERROR org.example.Main1 - 93 This is an ERROR level message.
00:12:34.842 [main] FATAL org.example.Main1 - 93 This is a FATAL level message.
00:12:34.842 [main] DEBUG org.example.Main1 - 94 This is a DEBUG level message.
00:12:34.843 [main] INFO  org.example.Main1 - 94 This is an INFO level message.
00:12:34.843 [main] WARN  org.example.Main1 - 94 This is a WARN level message.
00:12:34.843 [main] ERROR org.example.Main1 - 94 This is an ERROR level message.
00:12:34.843 [main] FATAL org.example.Main1 - 94 This is a FATAL level message.
00:12:34.843 [main] DEBUG org.example.Main1 - 95 This is a DEBUG level message.
00:12:34.843 [main] INFO  org.example.Main1 - 95 This is an INFO level message.
00:12:34.843 [main] WARN  org.example.Main1 - 95 This is a WARN level message.
00:12:34.843 [main] ERROR org.example.Main1 - 95 This is an ERROR level message.
00:12:34.843 [main] FATAL org.example.Main1 - 95 This is a FATAL level message.
00:12:34.843 [main] DEBUG org.example.Main1 - 96 This is a DEBUG level message.
00:12:34.844 [main] INFO  org.example.Main1 - 96 This is an INFO level message.
00:12:34.849 [main] WARN  org.example.Main1 - 96 This is a WARN level message.
00:12:34.849 [main] ERROR org.example.Main1 - 96 This is an ERROR level message.
00:12:34.849 [main] FATAL org.example.Main1 - 96 This is a FATAL level message.
00:12:34.849 [main] DEBUG org.example.Main1 - 97 This is a DEBUG level message.
00:12:34.849 [main] INFO  org.example.Main1 - 97 This is an INFO level message.
00:12:34.849 [main] WARN  org.example.Main1 - 97 This is a WARN level message.
00:12:34.849 [main] ERROR org.example.Main1 - 97 This is an ERROR level message.
00:12:34.849 [main] FATAL org.example.Main1 - 97 This is a FATAL level message.
00:12:34.849 [main] DEBUG org.example.Main1 - 98 This is a DEBUG level message.
00:12:34.849 [main] INFO  org.example.Main1 - 98 This is an INFO level message.
00:12:34.849 [main] WARN  org.example.Main1 - 98 This is a WARN level message.
00:12:34.849 [main] ERROR org.example.Main1 - 98 This is an ERROR level message.
00:12:34.850 [main] FATAL org.example.Main1 - 98 This is a FATAL level message.
00:12:34.856 [main] DEBUG org.example.Main1 - 99 This is a DEBUG level message.
00:12:34.856 [main] INFO  org.example.Main1 - 99 This is an INFO level message.
00:12:34.856 [main] WARN  org.example.Main1 - 99 This is a WARN level message.
00:12:34.856 [main] ERROR org.example.Main1 - 99 This is an ERROR level message.
00:12:34.856 [main] FATAL org.example.Main1 - 99 This is a FATAL level message.
00:12:34.856 [main] DEBUG org.example.Main1 - 100 This is a DEBUG level message.
00:12:34.856 [main] INFO  org.example.Main1 - 100 This is an INFO level message.
00:12:34.857 [main] WARN  org.example.Main1 - 100 This is a WARN level message.
00:12:34.857 [main] ERROR org.example.Main1 - 100 This is an ERROR level message.
00:12:34.857 [main] FATAL org.example.Main1 - 100 This is a FATAL level message.
00:12:34.857 [main] DEBUG org.example.Main1 - 101 This is a DEBUG level message.
00:12:34.857 [main] INFO  org.example.Main1 - 101 This is an INFO level message.
00:12:34.857 [main] WARN  org.example.Main1 - 101 This is a WARN level message.
00:12:34.863 [main] ERROR org.example.Main1 - 101 This is an ERROR level message.
00:12:34.863 [main] FATAL org.example.Main1 - 101 This is a FATAL level message.
00:12:34.863 [main] DEBUG org.example.Main1 - 102 This is a DEBUG level message.
00:12:34.863 [main] INFO  org.example.Main1 - 102 This is an INFO level message.
00:12:34.864 [main] WARN  org.example.Main1 - 102 This is a WARN level message.
00:12:34.864 [main] ERROR org.example.Main1 - 102 This is an ERROR level message.
00:12:34.864 [main] FATAL org.example.Main1 - 102 This is a FATAL level message.
00:12:34.864 [main] DEBUG org.example.Main1 - 103 This is a DEBUG level message.
00:12:34.864 [main] INFO  org.example.Main1 - 103 This is an INFO level message.
00:12:34.865 [main] WARN  org.example.Main1 - 103 This is a WARN level message.
00:12:34.865 [main] ERROR org.example.Main1 - 103 This is an ERROR level message.
00:12:34.865 [main] FATAL org.example.Main1 - 103 This is a FATAL level message.
00:12:34.865 [main] DEBUG org.example.Main1 - 104 This is a DEBUG level message.
00:12:34.871 [main] INFO  org.example.Main1 - 104 This is an INFO level message.
00:12:34.871 [main] WARN  org.example.Main1 - 104 This is a WARN level message.
00:12:34.871 [main] ERROR org.example.Main1 - 104 This is an ERROR level message.
00:12:34.871 [main] FATAL org.example.Main1 - 104 This is a FATAL level message.
00:12:34.871 [main] DEBUG org.example.Main1 - 105 This is a DEBUG level message.
00:12:34.871 [main] INFO  org.example.Main1 - 105 This is an INFO level message.
00:12:34.871 [main] WARN  org.example.Main1 - 105 This is a WARN level message.
00:12:34.871 [main] ERROR org.example.Main1 - 105 This is an ERROR level message.
00:12:34.872 [main] FATAL org.example.Main1 - 105 This is a FATAL level message.
00:12:34.872 [main] DEBUG org.example.Main1 - 106 This is a DEBUG level message.
00:12:34.872 [main] INFO  org.example.Main1 - 106 This is an INFO level message.
00:12:34.872 [main] WARN  org.example.Main1 - 106 This is a WARN level message.
00:12:34.872 [main] ERROR org.example.Main1 - 106 This is an ERROR level message.
00:12:34.877 [main] FATAL org.example.Main1 - 106 This is a FATAL level message.
00:12:34.877 [main] DEBUG org.example.Main1 - 107 This is a DEBUG level message.
00:12:34.877 [main] INFO  org.example.Main1 - 107 This is an INFO level message.
00:12:34.877 [main] WARN  org.example.Main1 - 107 This is a WARN level message.
00:12:34.877 [main] ERROR org.example.Main1 - 107 This is an ERROR level message.
00:12:34.877 [main] FATAL org.example.Main1 - 107 This is a FATAL level message.
00:12:34.877 [main] DEBUG org.example.Main1 - 108 This is a DEBUG level message.
00:12:34.877 [main] INFO  org.example.Main1 - 108 This is an INFO level message.
00:12:34.877 [main] WARN  org.example.Main1 - 108 This is a WARN level message.
00:12:34.877 [main] ERROR org.example.Main1 - 108 This is an ERROR level message.
00:12:34.877 [main] FATAL org.example.Main1 - 108 This is a FATAL level message.
00:12:34.877 [main] DEBUG org.example.Main1 - 109 This is a DEBUG level message.
00:12:34.877 [main] INFO  org.example.Main1 - 109 This is an INFO level message.
00:12:34.882 [main] WARN  org.example.Main1 - 109 This is a WARN level message.
00:12:34.882 [main] ERROR org.example.Main1 - 109 This is an ERROR level message.
00:12:34.882 [main] FATAL org.example.Main1 - 109 This is a FATAL level message.
00:12:34.882 [main] DEBUG org.example.Main1 - 110 This is a DEBUG level message.
00:12:34.882 [main] INFO  org.example.Main1 - 110 This is an INFO level message.
00:12:34.882 [main] WARN  org.example.Main1 - 110 This is a WARN level message.
00:12:34.882 [main] ERROR org.example.Main1 - 110 This is an ERROR level message.
00:12:34.882 [main] FATAL org.example.Main1 - 110 This is a FATAL level message.
00:12:34.882 [main] DEBUG org.example.Main1 - 111 This is a DEBUG level message.
00:12:34.882 [main] INFO  org.example.Main1 - 111 This is an INFO level message.
00:12:34.882 [main] WARN  org.example.Main1 - 111 This is a WARN level message.
00:12:34.882 [main] ERROR org.example.Main1 - 111 This is an ERROR level message.
00:12:34.882 [main] FATAL org.example.Main1 - 111 This is a FATAL level message.
00:12:34.888 [main] DEBUG org.example.Main1 - 112 This is a DEBUG level message.
00:12:34.888 [main] INFO  org.example.Main1 - 112 This is an INFO level message.
00:12:34.888 [main] WARN  org.example.Main1 - 112 This is a WARN level message.
00:12:34.888 [main] ERROR org.example.Main1 - 112 This is an ERROR level message.
00:12:34.888 [main] FATAL org.example.Main1 - 112 This is a FATAL level message.
00:12:34.888 [main] DEBUG org.example.Main1 - 113 This is a DEBUG level message.
00:12:34.888 [main] INFO  org.example.Main1 - 113 This is an INFO level message.
00:12:34.888 [main] WARN  org.example.Main1 - 113 This is a WARN level message.
00:12:34.888 [main] ERROR org.example.Main1 - 113 This is an ERROR level message.
00:12:34.888 [main] FATAL org.example.Main1 - 113 This is a FATAL level message.
00:12:34.888 [main] DEBUG org.example.Main1 - 114 This is a DEBUG level message.
00:12:34.888 [main] INFO  org.example.Main1 - 114 This is an INFO level message.
00:12:34.888 [main] WARN  org.example.Main1 - 114 This is a WARN level message.
00:12:34.894 [main] ERROR org.example.Main1 - 114 This is an ERROR level message.
00:12:34.894 [main] FATAL org.example.Main1 - 114 This is a FATAL level message.
00:12:34.894 [main] DEBUG org.example.Main1 - 115 This is a DEBUG level message.
00:12:34.894 [main] INFO  org.example.Main1 - 115 This is an INFO level message.
00:12:34.894 [main] WARN  org.example.Main1 - 115 This is a WARN level message.
00:12:34.894 [main] ERROR org.example.Main1 - 115 This is an ERROR level message.
00:12:34.894 [main] FATAL org.example.Main1 - 115 This is a FATAL level message.
00:12:34.894 [main] DEBUG org.example.Main1 - 116 This is a DEBUG level message.
00:12:34.895 [main] INFO  org.example.Main1 - 116 This is an INFO level message.
00:12:34.895 [main] WARN  org.example.Main1 - 116 This is a WARN level message.
00:12:34.895 [main] ERROR org.example.Main1 - 116 This is an ERROR level message.
00:12:34.895 [main] FATAL org.example.Main1 - 116 This is a FATAL level message.
00:12:34.895 [main] DEBUG org.example.Main1 - 117 This is a DEBUG level message.
00:12:34.899 [main] INFO  org.example.Main1 - 117 This is an INFO level message.
00:12:34.899 [main] WARN  org.example.Main1 - 117 This is a WARN level message.
00:12:34.899 [main] ERROR org.example.Main1 - 117 This is an ERROR level message.
00:12:34.899 [main] FATAL org.example.Main1 - 117 This is a FATAL level message.
00:12:34.899 [main] DEBUG org.example.Main1 - 118 This is a DEBUG level message.
00:12:34.899 [main] INFO  org.example.Main1 - 118 This is an INFO level message.
00:12:34.899 [main] WARN  org.example.Main1 - 118 This is a WARN level message.
00:12:34.899 [main] ERROR org.example.Main1 - 118 This is an ERROR level message.
00:12:34.900 [main] FATAL org.example.Main1 - 118 This is a FATAL level message.
00:12:34.900 [main] DEBUG org.example.Main1 - 119 This is a DEBUG level message.
00:12:34.900 [main] INFO  org.example.Main1 - 119 This is an INFO level message.
00:12:34.900 [main] WARN  org.example.Main1 - 119 This is a WARN level message.
00:12:34.900 [main] ERROR org.example.Main1 - 119 This is an ERROR level message.
00:12:34.905 [main] FATAL org.example.Main1 - 119 This is a FATAL level message.
00:12:34.905 [main] DEBUG org.example.Main1 - 120 This is a DEBUG level message.
00:12:34.905 [main] INFO  org.example.Main1 - 120 This is an INFO level message.
00:12:34.905 [main] WARN  org.example.Main1 - 120 This is a WARN level message.
00:12:34.905 [main] ERROR org.example.Main1 - 120 This is an ERROR level message.
00:12:34.905 [main] FATAL org.example.Main1 - 120 This is a FATAL level message.
00:12:34.905 [main] DEBUG org.example.Main1 - 121 This is a DEBUG level message.
00:12:34.905 [main] INFO  org.example.Main1 - 121 This is an INFO level message.
00:12:34.906 [main] WARN  org.example.Main1 - 121 This is a WARN level message.
00:12:34.906 [main] ERROR org.example.Main1 - 121 This is an ERROR level message.
00:12:34.906 [main] FATAL org.example.Main1 - 121 This is a FATAL level message.
00:12:34.906 [main] DEBUG org.example.Main1 - 122 This is a DEBUG level message.
00:12:34.906 [main] INFO  org.example.Main1 - 122 This is an INFO level message.
00:12:34.910 [main] WARN  org.example.Main1 - 122 This is a WARN level message.
00:12:34.911 [main] ERROR org.example.Main1 - 122 This is an ERROR level message.
00:12:34.911 [main] FATAL org.example.Main1 - 122 This is a FATAL level message.
00:12:34.911 [main] DEBUG org.example.Main1 - 123 This is a DEBUG level message.
00:12:34.911 [main] INFO  org.example.Main1 - 123 This is an INFO level message.
00:12:34.911 [main] WARN  org.example.Main1 - 123 This is a WARN level message.
00:12:34.911 [main] ERROR org.example.Main1 - 123 This is an ERROR level message.
00:12:34.911 [main] FATAL org.example.Main1 - 123 This is a FATAL level message.
00:12:34.911 [main] DEBUG org.example.Main1 - 124 This is a DEBUG level message.
00:12:34.911 [main] INFO  org.example.Main1 - 124 This is an INFO level message.
00:12:34.911 [main] WARN  org.example.Main1 - 124 This is a WARN level message.
00:12:34.911 [main] ERROR org.example.Main1 - 124 This is an ERROR level message.
00:12:34.911 [main] FATAL org.example.Main1 - 124 This is a FATAL level message.
00:12:34.916 [main] DEBUG org.example.Main1 - 125 This is a DEBUG level message.
00:12:34.916 [main] INFO  org.example.Main1 - 125 This is an INFO level message.
00:12:34.916 [main] WARN  org.example.Main1 - 125 This is a WARN level message.
00:12:34.916 [main] ERROR org.example.Main1 - 125 This is an ERROR level message.
00:12:34.916 [main] FATAL org.example.Main1 - 125 This is a FATAL level message.
00:12:34.916 [main] DEBUG org.example.Main1 - 126 This is a DEBUG level message.
00:12:34.916 [main] INFO  org.example.Main1 - 126 This is an INFO level message.
00:12:34.916 [main] WARN  org.example.Main1 - 126 This is a WARN level message.
00:12:34.917 [main] ERROR org.example.Main1 - 126 This is an ERROR level message.
00:12:34.917 [main] FATAL org.example.Main1 - 126 This is a FATAL level message.
00:12:34.917 [main] DEBUG org.example.Main1 - 127 This is a DEBUG level message.
00:12:34.917 [main] INFO  org.example.Main1 - 127 This is an INFO level message.
00:12:34.917 [main] WARN  org.example.Main1 - 127 This is a WARN level message.
00:12:34.921 [main] ERROR org.example.Main1 - 127 This is an ERROR level message.
00:12:34.921 [main] FATAL org.example.Main1 - 127 This is a FATAL level message.
00:12:34.921 [main] DEBUG org.example.Main1 - 128 This is a DEBUG level message.
00:12:34.921 [main] INFO  org.example.Main1 - 128 This is an INFO level message.
00:12:34.921 [main] WARN  org.example.Main1 - 128 This is a WARN level message.
00:12:34.921 [main] ERROR org.example.Main1 - 128 This is an ERROR level message.
00:12:34.921 [main] FATAL org.example.Main1 - 128 This is a FATAL level message.
00:12:34.922 [main] DEBUG org.example.Main1 - 129 This is a DEBUG level message.
00:12:34.923 [main] INFO  org.example.Main1 - 129 This is an INFO level message.
00:12:34.923 [main] WARN  org.example.Main1 - 129 This is a WARN level message.
00:12:34.923 [main] ERROR org.example.Main1 - 129 This is an ERROR level message.
00:12:34.923 [main] FATAL org.example.Main1 - 129 This is a FATAL level message.
00:12:34.923 [main] DEBUG org.example.Main1 - 130 This is a DEBUG level message.
00:12:34.927 [main] INFO  org.example.Main1 - 130 This is an INFO level message.
00:12:34.928 [main] WARN  org.example.Main1 - 130 This is a WARN level message.
00:12:34.928 [main] ERROR org.example.Main1 - 130 This is an ERROR level message.
00:12:34.928 [main] FATAL org.example.Main1 - 130 This is a FATAL level message.
00:12:34.928 [main] DEBUG org.example.Main1 - 131 This is a DEBUG level message.
00:12:34.928 [main] INFO  org.example.Main1 - 131 This is an INFO level message.
00:12:34.928 [main] WARN  org.example.Main1 - 131 This is a WARN level message.
00:12:34.928 [main] ERROR org.example.Main1 - 131 This is an ERROR level message.
00:12:34.928 [main] FATAL org.example.Main1 - 131 This is a FATAL level message.
00:12:34.928 [main] DEBUG org.example.Main1 - 132 This is a DEBUG level message.
00:12:34.928 [main] INFO  org.example.Main1 - 132 This is an INFO level message.
00:12:34.928 [main] WARN  org.example.Main1 - 132 This is a WARN level message.
00:12:34.929 [main] ERROR org.example.Main1 - 132 This is an ERROR level message.
00:12:34.934 [main] FATAL org.example.Main1 - 132 This is a FATAL level message.
00:12:34.934 [main] DEBUG org.example.Main1 - 133 This is a DEBUG level message.
00:12:34.934 [main] INFO  org.example.Main1 - 133 This is an INFO level message.
00:12:34.934 [main] WARN  org.example.Main1 - 133 This is a WARN level message.
00:12:34.935 [main] ERROR org.example.Main1 - 133 This is an ERROR level message.
00:12:34.935 [main] FATAL org.example.Main1 - 133 This is a FATAL level message.
00:12:34.935 [main] DEBUG org.example.Main1 - 134 This is a DEBUG level message.
00:12:34.935 [main] INFO  org.example.Main1 - 134 This is an INFO level message.
00:12:34.935 [main] WARN  org.example.Main1 - 134 This is a WARN level message.
00:12:34.935 [main] ERROR org.example.Main1 - 134 This is an ERROR level message.
00:12:34.935 [main] FATAL org.example.Main1 - 134 This is a FATAL level message.
00:12:34.935 [main] DEBUG org.example.Main1 - 135 This is a DEBUG level message.
00:12:34.935 [main] INFO  org.example.Main1 - 135 This is an INFO level message.
00:12:34.940 [main] WARN  org.example.Main1 - 135 This is a WARN level message.
00:12:34.941 [main] ERROR org.example.Main1 - 135 This is an ERROR level message.
00:12:34.941 [main] FATAL org.example.Main1 - 135 This is a FATAL level message.
00:12:34.941 [main] DEBUG org.example.Main1 - 136 This is a DEBUG level message.
00:12:34.941 [main] INFO  org.example.Main1 - 136 This is an INFO level message.
00:12:34.941 [main] WARN  org.example.Main1 - 136 This is a WARN level message.
00:12:34.941 [main] ERROR org.example.Main1 - 136 This is an ERROR level message.
00:12:34.941 [main] FATAL org.example.Main1 - 136 This is a FATAL level message.
00:12:34.941 [main] DEBUG org.example.Main1 - 137 This is a DEBUG level message.
00:12:34.941 [main] INFO  org.example.Main1 - 137 This is an INFO level message.
00:12:34.941 [main] WARN  org.example.Main1 - 137 This is a WARN level message.
00:12:34.942 [main] ERROR org.example.Main1 - 137 This is an ERROR level message.
00:12:34.942 [main] FATAL org.example.Main1 - 137 This is a FATAL level message.
00:12:34.946 [main] DEBUG org.example.Main1 - 138 This is a DEBUG level message.
00:12:34.946 [main] INFO  org.example.Main1 - 138 This is an INFO level message.
00:12:34.946 [main] WARN  org.example.Main1 - 138 This is a WARN level message.
00:12:34.946 [main] ERROR org.example.Main1 - 138 This is an ERROR level message.
00:12:34.946 [main] FATAL org.example.Main1 - 138 This is a FATAL level message.
00:12:34.947 [main] DEBUG org.example.Main1 - 139 This is a DEBUG level message.
00:12:34.947 [main] INFO  org.example.Main1 - 139 This is an INFO level message.
00:12:34.947 [main] WARN  org.example.Main1 - 139 This is a WARN level message.
00:12:34.947 [main] ERROR org.example.Main1 - 139 This is an ERROR level message.
00:12:34.947 [main] FATAL org.example.Main1 - 139 This is a FATAL level message.
00:12:34.947 [main] DEBUG org.example.Main1 - 140 This is a DEBUG level message.
00:12:34.947 [main] INFO  org.example.Main1 - 140 This is an INFO level message.
00:12:34.947 [main] WARN  org.example.Main1 - 140 This is a WARN level message.
00:12:34.953 [main] ERROR org.example.Main1 - 140 This is an ERROR level message.
00:12:34.953 [main] FATAL org.example.Main1 - 140 This is a FATAL level message.
00:12:34.954 [main] DEBUG org.example.Main1 - 141 This is a DEBUG level message.
00:12:34.954 [main] INFO  org.example.Main1 - 141 This is an INFO level message.
00:12:34.954 [main] WARN  org.example.Main1 - 141 This is a WARN level message.
00:12:34.954 [main] ERROR org.example.Main1 - 141 This is an ERROR level message.
00:12:34.954 [main] FATAL org.example.Main1 - 141 This is a FATAL level message.
00:12:34.954 [main] DEBUG org.example.Main1 - 142 This is a DEBUG level message.
00:12:34.955 [main] INFO  org.example.Main1 - 142 This is an INFO level message.
00:12:34.955 [main] WARN  org.example.Main1 - 142 This is a WARN level message.
00:12:34.955 [main] ERROR org.example.Main1 - 142 This is an ERROR level message.
00:12:34.955 [main] FATAL org.example.Main1 - 142 This is a FATAL level message.
00:12:34.955 [main] DEBUG org.example.Main1 - 143 This is a DEBUG level message.
00:12:34.960 [main] INFO  org.example.Main1 - 143 This is an INFO level message.
00:12:34.960 [main] WARN  org.example.Main1 - 143 This is a WARN level message.
00:12:34.960 [main] ERROR org.example.Main1 - 143 This is an ERROR level message.
00:12:34.960 [main] FATAL org.example.Main1 - 143 This is a FATAL level message.
00:12:34.960 [main] DEBUG org.example.Main1 - 144 This is a DEBUG level message.
00:12:34.960 [main] INFO  org.example.Main1 - 144 This is an INFO level message.
00:12:34.961 [main] WARN  org.example.Main1 - 144 This is a WARN level message.
00:12:34.961 [main] ERROR org.example.Main1 - 144 This is an ERROR level message.
00:12:34.961 [main] FATAL org.example.Main1 - 144 This is a FATAL level message.
00:12:34.961 [main] DEBUG org.example.Main1 - 145 This is a DEBUG level message.
00:12:34.961 [main] INFO  org.example.Main1 - 145 This is an INFO level message.
00:12:34.961 [main] WARN  org.example.Main1 - 145 This is a WARN level message.
00:12:34.961 [main] ERROR org.example.Main1 - 145 This is an ERROR level message.
00:12:34.966 [main] FATAL org.example.Main1 - 145 This is a FATAL level message.
00:12:34.966 [main] DEBUG org.example.Main1 - 146 This is a DEBUG level message.
00:12:34.966 [main] INFO  org.example.Main1 - 146 This is an INFO level message.
00:12:34.966 [main] WARN  org.example.Main1 - 146 This is a WARN level message.
00:12:34.966 [main] ERROR org.example.Main1 - 146 This is an ERROR level message.
00:12:34.966 [main] FATAL org.example.Main1 - 146 This is a FATAL level message.
00:12:34.966 [main] DEBUG org.example.Main1 - 147 This is a DEBUG level message.
00:12:34.966 [main] INFO  org.example.Main1 - 147 This is an INFO level message.
00:12:34.967 [main] WARN  org.example.Main1 - 147 This is a WARN level message.
00:12:34.967 [main] ERROR org.example.Main1 - 147 This is an ERROR level message.
00:12:34.967 [main] FATAL org.example.Main1 - 147 This is a FATAL level message.
00:12:34.967 [main] DEBUG org.example.Main1 - 148 This is a DEBUG level message.
00:12:34.967 [main] INFO  org.example.Main1 - 148 This is an INFO level message.
00:12:34.972 [main] WARN  org.example.Main1 - 148 This is a WARN level message.
00:12:34.972 [main] ERROR org.example.Main1 - 148 This is an ERROR level message.
00:12:34.972 [main] FATAL org.example.Main1 - 148 This is a FATAL level message.
00:12:34.972 [main] DEBUG org.example.Main1 - 149 This is a DEBUG level message.
00:12:34.972 [main] INFO  org.example.Main1 - 149 This is an INFO level message.
00:12:34.972 [main] WARN  org.example.Main1 - 149 This is a WARN level message.
00:12:34.972 [main] ERROR org.example.Main1 - 149 This is an ERROR level message.
00:12:34.972 [main] FATAL org.example.Main1 - 149 This is a FATAL level message.
00:12:34.973 [main] DEBUG org.example.Main1 - 150 This is a DEBUG level message.
00:12:34.973 [main] INFO  org.example.Main1 - 150 This is an INFO level message.
00:12:34.973 [main] WARN  org.example.Main1 - 150 This is a WARN level message.
00:12:34.973 [main] ERROR org.example.Main1 - 150 This is an ERROR level message.
00:12:34.973 [main] FATAL org.example.Main1 - 150 This is a FATAL level message.
00:12:34.977 [main] DEBUG org.example.Main1 - 151 This is a DEBUG level message.
00:12:34.977 [main] INFO  org.example.Main1 - 151 This is an INFO level message.
00:12:34.977 [main] WARN  org.example.Main1 - 151 This is a WARN level message.
00:12:34.977 [main] ERROR org.example.Main1 - 151 This is an ERROR level message.
00:12:34.978 [main] FATAL org.example.Main1 - 151 This is a FATAL level message.
00:12:34.978 [main] DEBUG org.example.Main1 - 152 This is a DEBUG level message.
00:12:34.978 [main] INFO  org.example.Main1 - 152 This is an INFO level message.
00:12:34.978 [main] WARN  org.example.Main1 - 152 This is a WARN level message.
00:12:34.978 [main] ERROR org.example.Main1 - 152 This is an ERROR level message.
00:12:34.978 [main] FATAL org.example.Main1 - 152 This is a FATAL level message.
00:12:34.978 [main] DEBUG org.example.Main1 - 153 This is a DEBUG level message.
00:12:34.978 [main] INFO  org.example.Main1 - 153 This is an INFO level message.
00:12:34.978 [main] WARN  org.example.Main1 - 153 This is a WARN level message.
00:12:34.982 [main] ERROR org.example.Main1 - 153 This is an ERROR level message.
00:12:34.982 [main] FATAL org.example.Main1 - 153 This is a FATAL level message.
00:12:34.982 [main] DEBUG org.example.Main1 - 154 This is a DEBUG level message.
00:12:34.983 [main] INFO  org.example.Main1 - 154 This is an INFO level message.
00:12:34.983 [main] WARN  org.example.Main1 - 154 This is a WARN level message.
00:12:34.983 [main] ERROR org.example.Main1 - 154 This is an ERROR level message.
00:12:34.983 [main] FATAL org.example.Main1 - 154 This is a FATAL level message.
00:12:34.983 [main] DEBUG org.example.Main1 - 155 This is a DEBUG level message.
00:12:34.983 [main] INFO  org.example.Main1 - 155 This is an INFO level message.
00:12:34.983 [main] WARN  org.example.Main1 - 155 This is a WARN level message.
00:12:34.983 [main] ERROR org.example.Main1 - 155 This is an ERROR level message.
00:12:34.983 [main] FATAL org.example.Main1 - 155 This is a FATAL level message.
00:12:34.983 [main] DEBUG org.example.Main1 - 156 This is a DEBUG level message.
00:12:34.989 [main] INFO  org.example.Main1 - 156 This is an INFO level message.
00:12:34.989 [main] WARN  org.example.Main1 - 156 This is a WARN level message.
00:12:34.990 [main] ERROR org.example.Main1 - 156 This is an ERROR level message.
00:12:34.990 [main] FATAL org.example.Main1 - 156 This is a FATAL level message.
00:12:34.990 [main] DEBUG org.example.Main1 - 157 This is a DEBUG level message.
00:12:34.990 [main] INFO  org.example.Main1 - 157 This is an INFO level message.
00:12:34.990 [main] WARN  org.example.Main1 - 157 This is a WARN level message.
00:12:34.990 [main] ERROR org.example.Main1 - 157 This is an ERROR level message.
00:12:34.990 [main] FATAL org.example.Main1 - 157 This is a FATAL level message.
00:12:34.990 [main] DEBUG org.example.Main1 - 158 This is a DEBUG level message.
00:12:34.990 [main] INFO  org.example.Main1 - 158 This is an INFO level message.
00:12:34.990 [main] WARN  org.example.Main1 - 158 This is a WARN level message.
00:12:34.990 [main] ERROR org.example.Main1 - 158 This is an ERROR level message.
00:12:34.995 [main] FATAL org.example.Main1 - 158 This is a FATAL level message.
00:12:34.996 [main] DEBUG org.example.Main1 - 159 This is a DEBUG level message.
00:12:34.996 [main] INFO  org.example.Main1 - 159 This is an INFO level message.
00:12:34.996 [main] WARN  org.example.Main1 - 159 This is a WARN level message.
00:12:34.996 [main] ERROR org.example.Main1 - 159 This is an ERROR level message.
00:12:34.996 [main] FATAL org.example.Main1 - 159 This is a FATAL level message.
00:12:34.996 [main] DEBUG org.example.Main1 - 160 This is a DEBUG level message.
00:12:34.996 [main] INFO  org.example.Main1 - 160 This is an INFO level message.
00:12:34.996 [main] WARN  org.example.Main1 - 160 This is a WARN level message.
00:12:34.996 [main] ERROR org.example.Main1 - 160 This is an ERROR level message.
00:12:34.996 [main] FATAL org.example.Main1 - 160 This is a FATAL level message.
00:12:34.996 [main] DEBUG org.example.Main1 - 161 This is a DEBUG level message.
00:12:34.996 [main] INFO  org.example.Main1 - 161 This is an INFO level message.
