00:12:37.969 [main] DEBUG org.example.Main1 - 1000 This is a DEBUG level message.
00:12:37.983 [main] INFO  org.example.Main1 - 1000 This is an INFO level message.
00:12:37.983 [main] WARN  org.example.Main1 - 1000 This is a WARN level message.
00:12:37.983 [main] ERROR org.example.Main1 - 1000 This is an ERROR level message.
00:12:37.983 [main] FATAL org.example.Main1 - 1000 This is a FATAL level message.
00:12:37.983 [main] DEBUG org.example.Main1 - 1001 This is a DEBUG level message.
00:12:37.986 [main] INFO  org.example.Main1 - 1001 This is an INFO level message.
00:12:37.986 [main] WARN  org.example.Main1 - 1001 This is a WARN level message.
00:12:37.986 [main] ERROR org.example.Main1 - 1001 This is an ERROR level message.
00:12:37.987 [main] FATAL org.example.Main1 - 1001 This is a FATAL level message.
00:12:37.987 [main] DEBUG org.example.Main1 - 1002 This is a DEBUG level message.
00:12:37.987 [main] INFO  org.example.Main1 - 1002 This is an INFO level message.
00:12:37.987 [main] WARN  org.example.Main1 - 1002 This is a WARN level message.
00:12:37.987 [main] ERROR org.example.Main1 - 1002 This is an ERROR level message.
00:12:37.990 [main] FATAL org.example.Main1 - 1002 This is a FATAL level message.
00:12:37.990 [main] DEBUG org.example.Main1 - 1003 This is a DEBUG level message.
00:12:37.990 [main] INFO  org.example.Main1 - 1003 This is an INFO level message.
00:12:37.990 [main] WARN  org.example.Main1 - 1003 This is a WARN level message.
00:12:37.990 [main] ERROR org.example.Main1 - 1003 This is an ERROR level message.
00:12:37.993 [main] FATAL org.example.Main1 - 1003 This is a FATAL level message.
00:12:37.993 [main] DEBUG org.example.Main1 - 1004 This is a DEBUG level message.
00:12:37.993 [main] INFO  org.example.Main1 - 1004 This is an INFO level message.
00:12:37.993 [main] WARN  org.example.Main1 - 1004 This is a WARN level message.
00:12:37.993 [main] ERROR org.example.Main1 - 1004 This is an ERROR level message.
00:12:37.993 [main] FATAL org.example.Main1 - 1004 This is a FATAL level message.
00:12:37.993 [main] DEBUG org.example.Main1 - 1005 This is a DEBUG level message.
00:12:37.993 [main] INFO  org.example.Main1 - 1005 This is an INFO level message.
00:12:37.996 [main] WARN  org.example.Main1 - 1005 This is a WARN level message.
00:12:37.996 [main] ERROR org.example.Main1 - 1005 This is an ERROR level message.
00:12:37.996 [main] FATAL org.example.Main1 - 1005 This is a FATAL level message.
00:12:37.996 [main] DEBUG org.example.Main1 - 1006 This is a DEBUG level message.
00:12:37.996 [main] INFO  org.example.Main1 - 1006 This is an INFO level message.
00:12:37.998 [main] WARN  org.example.Main1 - 1006 This is a WARN level message.
00:12:37.998 [main] ERROR org.example.Main1 - 1006 This is an ERROR level message.
00:12:37.998 [main] FATAL org.example.Main1 - 1006 This is a FATAL level message.
00:12:37.999 [main] DEBUG org.example.Main1 - 1007 This is a DEBUG level message.
00:12:37.999 [main] INFO  org.example.Main1 - 1007 This is an INFO level message.
00:12:37.999 [main] WARN  org.example.Main1 - 1007 This is a WARN level message.
00:12:37.999 [main] ERROR org.example.Main1 - 1007 This is an ERROR level message.
00:12:37.999 [main] FATAL org.example.Main1 - 1007 This is a FATAL level message.
