00:12:40.000 [main] ERROR org.example.Main1 - 1976 This is an ERROR level message.
00:12:40.005 [main] FATAL org.example.Main1 - 1976 This is a FATAL level message.
00:12:40.005 [main] DEBUG org.example.Main1 - 1977 This is a DEBUG level message.
00:12:40.005 [main] INFO  org.example.Main1 - 1977 This is an INFO level message.
00:12:40.005 [main] WARN  org.example.Main1 - 1977 This is a WARN level message.
00:12:40.005 [main] ERROR org.example.Main1 - 1977 This is an ERROR level message.
00:12:40.005 [main] FATAL org.example.Main1 - 1977 This is a FATAL level message.
00:12:40.005 [main] DEBUG org.example.Main1 - 1978 This is a DEBUG level message.
00:12:40.005 [main] INFO  org.example.Main1 - 1978 This is an INFO level message.
00:12:40.005 [main] WARN  org.example.Main1 - 1978 This is a WARN level message.
00:12:40.005 [main] ERROR org.example.Main1 - 1978 This is an ERROR level message.
00:12:40.007 [main] FATAL org.example.Main1 - 1978 This is a FATAL level message.
00:12:40.007 [main] DEBUG org.example.Main1 - 1979 This is a DEBUG level message.
00:12:40.007 [main] INFO  org.example.Main1 - 1979 This is an INFO level message.
00:12:40.009 [main] WARN  org.example.Main1 - 1979 This is a WARN level message.
00:12:40.009 [main] ERROR org.example.Main1 - 1979 This is an ERROR level message.
00:12:40.009 [main] FATAL org.example.Main1 - 1979 This is a FATAL level message.
00:12:40.009 [main] DEBUG org.example.Main1 - 1980 This is a DEBUG level message.
00:12:40.009 [main] INFO  org.example.Main1 - 1980 This is an INFO level message.
00:12:40.009 [main] WARN  org.example.Main1 - 1980 This is a WARN level message.
00:12:40.009 [main] ERROR org.example.Main1 - 1980 This is an ERROR level message.
00:12:40.009 [main] FATAL org.example.Main1 - 1980 This is a FATAL level message.
00:12:40.009 [main] DEBUG org.example.Main1 - 1981 This is a DEBUG level message.
00:12:40.009 [main] INFO  org.example.Main1 - 1981 This is an INFO level message.
00:12:40.011 [main] WARN  org.example.Main1 - 1981 This is a WARN level message.
00:12:40.011 [main] ERROR org.example.Main1 - 1981 This is an ERROR level message.
00:12:40.011 [main] FATAL org.example.Main1 - 1981 This is a FATAL level message.
00:12:40.013 [main] DEBUG org.example.Main1 - 1982 This is a DEBUG level message.
00:12:40.013 [main] INFO  org.example.Main1 - 1982 This is an INFO level message.
00:12:40.013 [main] WARN  org.example.Main1 - 1982 This is a WARN level message.
00:12:40.013 [main] ERROR org.example.Main1 - 1982 This is an ERROR level message.
00:12:40.013 [main] FATAL org.example.Main1 - 1982 This is a FATAL level message.
00:12:40.013 [main] DEBUG org.example.Main1 - 1983 This is a DEBUG level message.
00:12:40.013 [main] INFO  org.example.Main1 - 1983 This is an INFO level message.
00:12:40.013 [main] WARN  org.example.Main1 - 1983 This is a WARN level message.
00:12:40.013 [main] ERROR org.example.Main1 - 1983 This is an ERROR level message.
00:12:40.013 [main] FATAL org.example.Main1 - 1983 This is a FATAL level message.
00:12:40.015 [main] DEBUG org.example.Main1 - 1984 This is a DEBUG level message.
00:12:40.015 [main] INFO  org.example.Main1 - 1984 This is an INFO level message.
00:12:40.015 [main] WARN  org.example.Main1 - 1984 This is a WARN level message.
00:12:40.017 [main] ERROR org.example.Main1 - 1984 This is an ERROR level message.
00:12:40.017 [main] FATAL org.example.Main1 - 1984 This is a FATAL level message.
00:12:40.017 [main] DEBUG org.example.Main1 - 1985 This is a DEBUG level message.
00:12:40.017 [main] INFO  org.example.Main1 - 1985 This is an INFO level message.
00:12:40.017 [main] WARN  org.example.Main1 - 1985 This is a WARN level message.
00:12:40.017 [main] ERROR org.example.Main1 - 1985 This is an ERROR level message.
00:12:40.017 [main] FATAL org.example.Main1 - 1985 This is a FATAL level message.
00:12:40.017 [main] DEBUG org.example.Main1 - 1986 This is a DEBUG level message.
00:12:40.017 [main] INFO  org.example.Main1 - 1986 This is an INFO level message.
00:12:40.017 [main] WARN  org.example.Main1 - 1986 This is a WARN level message.
00:12:40.020 [main] ERROR org.example.Main1 - 1986 This is an ERROR level message.
00:12:40.020 [main] FATAL org.example.Main1 - 1986 This is a FATAL level message.
00:12:40.020 [main] DEBUG org.example.Main1 - 1987 This is a DEBUG level message.
00:12:40.023 [main] INFO  org.example.Main1 - 1987 This is an INFO level message.
00:12:40.023 [main] WARN  org.example.Main1 - 1987 This is a WARN level message.
00:12:40.023 [main] ERROR org.example.Main1 - 1987 This is an ERROR level message.
00:12:40.023 [main] FATAL org.example.Main1 - 1987 This is a FATAL level message.
00:12:40.023 [main] DEBUG org.example.Main1 - 1988 This is a DEBUG level message.
00:12:40.023 [main] INFO  org.example.Main1 - 1988 This is an INFO level message.
00:12:40.023 [main] WARN  org.example.Main1 - 1988 This is a WARN level message.
00:12:40.023 [main] ERROR org.example.Main1 - 1988 This is an ERROR level message.
00:12:40.023 [main] FATAL org.example.Main1 - 1988 This is a FATAL level message.
00:12:40.023 [main] DEBUG org.example.Main1 - 1989 This is a DEBUG level message.
00:12:40.025 [main] INFO  org.example.Main1 - 1989 This is an INFO level message.
00:12:40.025 [main] WARN  org.example.Main1 - 1989 This is a WARN level message.
00:12:40.025 [main] ERROR org.example.Main1 - 1989 This is an ERROR level message.
00:12:40.027 [main] FATAL org.example.Main1 - 1989 This is a FATAL level message.
00:12:40.027 [main] DEBUG org.example.Main1 - 1990 This is a DEBUG level message.
00:12:40.027 [main] INFO  org.example.Main1 - 1990 This is an INFO level message.
00:12:40.027 [main] WARN  org.example.Main1 - 1990 This is a WARN level message.
00:12:40.027 [main] ERROR org.example.Main1 - 1990 This is an ERROR level message.
00:12:40.027 [main] FATAL org.example.Main1 - 1990 This is a FATAL level message.
00:12:40.027 [main] DEBUG org.example.Main1 - 1991 This is a DEBUG level message.
00:12:40.027 [main] INFO  org.example.Main1 - 1991 This is an INFO level message.
00:12:40.027 [main] WARN  org.example.Main1 - 1991 This is a WARN level message.
00:12:40.027 [main] ERROR org.example.Main1 - 1991 This is an ERROR level message.
00:12:40.029 [main] FATAL org.example.Main1 - 1991 This is a FATAL level message.
00:12:40.029 [main] DEBUG org.example.Main1 - 1992 This is a DEBUG level message.
00:12:40.029 [main] INFO  org.example.Main1 - 1992 This is an INFO level message.
00:12:40.031 [main] WARN  org.example.Main1 - 1992 This is a WARN level message.
00:12:40.031 [main] ERROR org.example.Main1 - 1992 This is an ERROR level message.
00:12:40.031 [main] FATAL org.example.Main1 - 1992 This is a FATAL level message.
00:12:40.031 [main] DEBUG org.example.Main1 - 1993 This is a DEBUG level message.
00:12:40.031 [main] INFO  org.example.Main1 - 1993 This is an INFO level message.
00:12:40.031 [main] WARN  org.example.Main1 - 1993 This is a WARN level message.
00:12:40.031 [main] ERROR org.example.Main1 - 1993 This is an ERROR level message.
00:12:40.031 [main] FATAL org.example.Main1 - 1993 This is a FATAL level message.
00:12:40.031 [main] DEBUG org.example.Main1 - 1994 This is a DEBUG level message.
00:12:40.031 [main] INFO  org.example.Main1 - 1994 This is an INFO level message.
00:12:40.033 [main] WARN  org.example.Main1 - 1994 This is a WARN level message.
00:12:40.033 [main] ERROR org.example.Main1 - 1994 This is an ERROR level message.
00:12:40.033 [main] FATAL org.example.Main1 - 1994 This is a FATAL level message.
00:12:40.035 [main] DEBUG org.example.Main1 - 1995 This is a DEBUG level message.
00:12:40.035 [main] INFO  org.example.Main1 - 1995 This is an INFO level message.
00:12:40.035 [main] WARN  org.example.Main1 - 1995 This is a WARN level message.
00:12:40.035 [main] ERROR org.example.Main1 - 1995 This is an ERROR level message.
00:12:40.035 [main] FATAL org.example.Main1 - 1995 This is a FATAL level message.
00:12:40.035 [main] DEBUG org.example.Main1 - 1996 This is a DEBUG level message.
00:12:40.035 [main] INFO  org.example.Main1 - 1996 This is an INFO level message.
00:12:40.035 [main] WARN  org.example.Main1 - 1996 This is a WARN level message.
00:12:40.036 [main] ERROR org.example.Main1 - 1996 This is an ERROR level message.
00:12:40.036 [main] FATAL org.example.Main1 - 1996 This is a FATAL level message.
00:12:40.038 [main] DEBUG org.example.Main1 - 1997 This is a DEBUG level message.
00:12:40.038 [main] INFO  org.example.Main1 - 1997 This is an INFO level message.
00:12:40.038 [main] WARN  org.example.Main1 - 1997 This is a WARN level message.
00:12:40.040 [main] ERROR org.example.Main1 - 1997 This is an ERROR level message.
00:12:40.040 [main] FATAL org.example.Main1 - 1997 This is a FATAL level message.
00:12:40.040 [main] DEBUG org.example.Main1 - 1998 This is a DEBUG level message.
00:12:40.040 [main] INFO  org.example.Main1 - 1998 This is an INFO level message.
00:12:40.041 [main] WARN  org.example.Main1 - 1998 This is a WARN level message.
00:12:40.041 [main] ERROR org.example.Main1 - 1998 This is an ERROR level message.
00:12:40.041 [main] FATAL org.example.Main1 - 1998 This is a FATAL level message.
00:12:40.041 [main] DEBUG org.example.Main1 - 1999 This is a DEBUG level message.
00:12:40.041 [main] INFO  org.example.Main1 - 1999 This is an INFO level message.
00:12:40.041 [main] WARN  org.example.Main1 - 1999 This is a WARN level message.
00:12:40.043 [main] ERROR org.example.Main1 - 1999 This is an ERROR level message.
00:12:40.043 [main] FATAL org.example.Main1 - 1999 This is a FATAL level message.
